d:\vs项目\file transfer\file transfer\client\client\x64\debug\const.obj
d:\vs项目\file transfer\file transfer\client\client\x64\debug\main.obj
d:\vs项目\file transfer\file transfer\client\client\x64\debug\client.obj
d:\vs项目\file transfer\file transfer\client\client\x64\debug\mainwidget.obj
d:\vs项目\file transfer\file transfer\client\client\x64\debug\vc145.pdb
d:\vs项目\file transfer\file transfer\client\client\x64\debug\vc145.idb
d:\vs项目\file transfer\file transfer\client\client\x64\debug\qrc_client.obj
d:\vs项目\file transfer\file transfer\client\client\x64\debug\moc_mainwidget.obj
d:\vs项目\file transfer\file transfer\client\client\x64\debug\moc_client.obj
d:\vs项目\filetransferassistant - 副本\client\x64\debug\qt\uic\ui_client.h
d:\vs项目\filetransferassistant - 副本\client\x64\debug\qt\rcc\qrc_client.cpp
d:\vs项目\filetransferassistant - 副本\client\x64\debug\qt\moc\moc_client.cpp
d:\vs项目\filetransferassistant - 副本\client\x64\debug\qt\uic\ui_mainwidget.h
d:\vs项目\filetransferassistant - 副本\client\x64\debug\qt\moc\moc_mainwidget.cpp
d:\vs项目\filetransferassistantclient\client\x64\debug\qt\uic\ui_client.h
d:\vs项目\filetransferassistantclient\client\x64\debug\qt\moc\moc_client.cpp
d:\vs项目\filetransferassistantclient\client\x64\debug\qt\rcc\qrc_client.cpp
d:\vs项目\filetransferassistantclient\client\x64\debug\qt\uic\ui_mainwidget.h
d:\vs项目\filetransferassistantclient\client\x64\debug\qt\moc\moc_mainwidget.cpp
d:\vs项目\test\client\x64\debug\qt\uic\ui_client.h
d:\vs项目\test\client\x64\debug\qt\uic\ui_mainwidget.h
d:\vs项目\test\client\x64\debug\qt\rcc\qrc_client.cpp
d:\vs项目\test\client\x64\debug\qt\moc\moc_client.cpp
d:\vs项目\test\client\x64\debug\qt\moc\moc_mainwidget.cpp
d:\vs项目\file transfer\client\client\x64\debug\qt\uic\ui_client.h
d:\vs项目\file transfer\client\client\x64\debug\qt\uic\ui_mainwidget.h
d:\vs项目\file transfer\client\client\x64\debug\qt\rcc\qrc_client.cpp
d:\vs项目\file transfer\client\client\x64\debug\qt\moc\moc_client.cpp
d:\vs项目\file transfer\client\client\x64\debug\qt\moc\moc_mainwidget.cpp
d:\vs项目\file transfer\file transfer\client\client\x64\debug\qt\uic\ui_client.h
d:\vs项目\file transfer\file transfer\client\client\x64\debug\qt\uic\ui_mainwidget.h
d:\vs项目\file transfer\file transfer\client\client\x64\debug\qt\rcc\qrc_client.cpp
d:\vs项目\file transfer\file transfer\client\client\x64\debug\qt\moc\moc_client.cpp
d:\vs项目\file transfer\file transfer\client\client\x64\debug\qt\moc\moc_mainwidget.cpp
d:\vs项目\file transfer\file transfer\client\x64\debug\client.exe
d:\vs项目\file transfer\file transfer\client\x64\debug\client.pdb
d:\vs项目\file transfer\file transfer\client\client\x64\debug\client.ilk
d:\vs项目\file transfer\file transfer\client\client\x64\debug\client.tlog\cl.command.1.tlog
d:\vs项目\file transfer\file transfer\client\client\x64\debug\client.tlog\cl.items.tlog
d:\vs项目\file transfer\file transfer\client\client\x64\debug\client.tlog\cl.read.1.tlog
d:\vs项目\file transfer\file transfer\client\client\x64\debug\client.tlog\cl.write.1.tlog
d:\vs项目\file transfer\file transfer\client\client\x64\debug\client.tlog\client.write.1u.tlog
d:\vs项目\file transfer\file transfer\client\client\x64\debug\client.tlog\link.command.1.tlog
d:\vs项目\file transfer\file transfer\client\client\x64\debug\client.tlog\link.read.1.tlog
d:\vs项目\file transfer\file transfer\client\client\x64\debug\client.tlog\link.secondary.1.tlog
d:\vs项目\file transfer\file transfer\client\client\x64\debug\client.tlog\link.write.1.tlog
d:\vs项目\file transfer\file transfer\client\client\x64\debug\client.tlog\moc.read.1u.tlog
d:\vs项目\file transfer\file transfer\client\client\x64\debug\client.tlog\moc.write.1u.tlog
